:DIR /home/zorg/ti
:DIR /home/zorg/ti/TI_CGT_C6000_7.2.11
:DIR /home/zorg/ti/TI_CGT_C6000_7.2.11/bin
:FILE /home/zorg/ti/TI_CGT_C6000_7.2.11/bin/abs6x
:FILE /home/zorg/ti/TI_CGT_C6000_7.2.11/bin/acp6x
:FILE /home/zorg/ti/TI_CGT_C6000_7.2.11/bin/acpia6x
:FILE /home/zorg/ti/TI_CGT_C6000_7.2.11/bin/ap6x
:FILE /home/zorg/ti/TI_CGT_C6000_7.2.11/bin/ap6x3
:FILE /home/zorg/ti/TI_CGT_C6000_7.2.11/bin/ar6x
:FILE /home/zorg/ti/TI_CGT_C6000_7.2.11/bin/asm6x
:FILE /home/zorg/ti/TI_CGT_C6000_7.2.11/bin/cg6x
:FILE /home/zorg/ti/TI_CGT_C6000_7.2.11/bin/cg6x3
:FILE /home/zorg/ti/TI_CGT_C6000_7.2.11/bin/ci6x
:FILE /home/zorg/ti/TI_CGT_C6000_7.2.11/bin/cl6x
:FILE /home/zorg/ti/TI_CGT_C6000_7.2.11/bin/clist6x
:FILE /home/zorg/ti/TI_CGT_C6000_7.2.11/bin/clt6x
:FILE /home/zorg/ti/TI_CGT_C6000_7.2.11/bin/cmp6x
:FILE /home/zorg/ti/TI_CGT_C6000_7.2.11/bin/dem6x
:FILE /home/zorg/ti/TI_CGT_C6000_7.2.11/bin/dis6x
:FILE /home/zorg/ti/TI_CGT_C6000_7.2.11/bin/embed6x
:FILE /home/zorg/ti/TI_CGT_C6000_7.2.11/bin/hex6x
:FILE /home/zorg/ti/TI_CGT_C6000_7.2.11/bin/ilk6x
:FILE /home/zorg/ti/TI_CGT_C6000_7.2.11/bin/libinfo6x
:FILE /home/zorg/ti/TI_CGT_C6000_7.2.11/bin/lnk6x
:FILE /home/zorg/ti/TI_CGT_C6000_7.2.11/bin/mk6x
:FILE /home/zorg/ti/TI_CGT_C6000_7.2.11/bin/nm6x
:FILE /home/zorg/ti/TI_CGT_C6000_7.2.11/bin/ofd6x
:FILE /home/zorg/ti/TI_CGT_C6000_7.2.11/bin/opt6x
:FILE /home/zorg/ti/TI_CGT_C6000_7.2.11/bin/pdd6x
:FILE /home/zorg/ti/TI_CGT_C6000_7.2.11/bin/pprof6x
:FILE /home/zorg/ti/TI_CGT_C6000_7.2.11/bin/prelink6x
:FILE /home/zorg/ti/TI_CGT_C6000_7.2.11/bin/strip6x
:FILE /home/zorg/ti/TI_CGT_C6000_7.2.11/bin/xref6x
:FILE /home/zorg/ti/TI_CGT_C6000_7.2.11/LICENSE.txt
:FILE /home/zorg/ti/TI_CGT_C6000_7.2.11/DefectHistory.txt
:FILE /home/zorg/ti/TI_CGT_C6000_7.2.11/README.txt
:DIR /home/zorg/ti/TI_CGT_C6000_7.2.11/clt_tutorial
:FILE /home/zorg/ti/TI_CGT_C6000_7.2.11/clt_tutorial/clt_tutor.txt
:FILE /home/zorg/ti/TI_CGT_C6000_7.2.11/clt_tutorial/lots.c
:FILE /home/zorg/ti/TI_CGT_C6000_7.2.11/clt_tutorial/main.c
:FILE /home/zorg/ti/TI_CGT_C6000_7.2.11/clt_tutorial/rare.c
:DIR /home/zorg/ti/TI_CGT_C6000_7.2.11/prelink
:FILE /home/zorg/ti/TI_CGT_C6000_7.2.11/prelink/prelink_README.txt
:DIR /home/zorg/ti/TI_CGT_C6000_7.2.11/prelink/prelink_dependents
:FILE /home/zorg/ti/TI_CGT_C6000_7.2.11/prelink/prelink_dependents/a.c
:FILE /home/zorg/ti/TI_CGT_C6000_7.2.11/prelink/prelink_dependents/b.c
:FILE /home/zorg/ti/TI_CGT_C6000_7.2.11/prelink/prelink_dependents/build_dlls
:FILE /home/zorg/ti/TI_CGT_C6000_7.2.11/prelink/prelink_dependents/c.c
:FILE /home/zorg/ti/TI_CGT_C6000_7.2.11/prelink/prelink_dependents/d.c
:FILE /home/zorg/ti/TI_CGT_C6000_7.2.11/prelink/prelink_dependents/depends.cmd
:FILE /home/zorg/ti/TI_CGT_C6000_7.2.11/prelink/prelink_dependents/driver.c
:FILE /home/zorg/ti/TI_CGT_C6000_7.2.11/prelink/prelink_dependents/format.h
:FILE /home/zorg/ti/TI_CGT_C6000_7.2.11/prelink/prelink_dependents/printf.c
:DIR /home/zorg/ti/TI_CGT_C6000_7.2.11/prelink/prelink_dsbt_assistance
:FILE /home/zorg/ti/TI_CGT_C6000_7.2.11/prelink/prelink_dsbt_assistance/a.c
:FILE /home/zorg/ti/TI_CGT_C6000_7.2.11/prelink/prelink_dsbt_assistance/b.c
:FILE /home/zorg/ti/TI_CGT_C6000_7.2.11/prelink/prelink_dsbt_assistance/build_dyn_objs
:FILE /home/zorg/ti/TI_CGT_C6000_7.2.11/prelink/prelink_dsbt_assistance/c.c
:FILE /home/zorg/ti/TI_CGT_C6000_7.2.11/prelink/prelink_dsbt_assistance/d.c
:FILE /home/zorg/ti/TI_CGT_C6000_7.2.11/prelink/prelink_dsbt_assistance/driver.c
:FILE /home/zorg/ti/TI_CGT_C6000_7.2.11/prelink/prelink_dsbt_assistance/dsbt_ex_1.cmd
:FILE /home/zorg/ti/TI_CGT_C6000_7.2.11/prelink/prelink_dsbt_assistance/dsbt_ex_2.cmd
:FILE /home/zorg/ti/TI_CGT_C6000_7.2.11/prelink/prelink_dsbt_assistance/format.h
:FILE /home/zorg/ti/TI_CGT_C6000_7.2.11/prelink/prelink_dsbt_assistance/instructions.txt
:FILE /home/zorg/ti/TI_CGT_C6000_7.2.11/prelink/prelink_dsbt_assistance/main.c
:FILE /home/zorg/ti/TI_CGT_C6000_7.2.11/prelink/prelink_dsbt_assistance/printf.c
:FILE /home/zorg/ti/TI_CGT_C6000_7.2.11/prelink/prelink_dsbt_assistance/rebuild_some_dlls
:DIR /home/zorg/ti/TI_CGT_C6000_7.2.11/prelink/prelink_dyn_exe
:FILE /home/zorg/ti/TI_CGT_C6000_7.2.11/prelink/prelink_dyn_exe/build_dyn_exe
:FILE /home/zorg/ti/TI_CGT_C6000_7.2.11/prelink/prelink_dyn_exe/hello.c
:FILE /home/zorg/ti/TI_CGT_C6000_7.2.11/prelink/prelink_dyn_exe/hello.exe
:FILE /home/zorg/ti/TI_CGT_C6000_7.2.11/prelink/prelink_dyn_exe/hello_1.cmd
:FILE /home/zorg/ti/TI_CGT_C6000_7.2.11/prelink/prelink_dyn_exe/hello_2.cmd
:FILE /home/zorg/ti/TI_CGT_C6000_7.2.11/prelink/prelink_dyn_exe/hello_3.cmd
:FILE /home/zorg/ti/TI_CGT_C6000_7.2.11/prelink/prelink_dyn_exe/hello_4.cmd
:DIR /home/zorg/ti/TI_CGT_C6000_7.2.11/prelink/prelink_xip_segment
:FILE /home/zorg/ti/TI_CGT_C6000_7.2.11/prelink/prelink_xip_segment/build_dyn_exe
:FILE /home/zorg/ti/TI_CGT_C6000_7.2.11/prelink/prelink_xip_segment/hello.c
:FILE /home/zorg/ti/TI_CGT_C6000_7.2.11/prelink/prelink_xip_segment/hello_lnk.cmd
:FILE /home/zorg/ti/TI_CGT_C6000_7.2.11/prelink/prelink_xip_segment/prelink_hello.cmd
:DIR /home/zorg/ti/TI_CGT_C6000_7.2.11/include
:FILE /home/zorg/ti/TI_CGT_C6000_7.2.11/include/_fmt_specifier.h
:FILE /home/zorg/ti/TI_CGT_C6000_7.2.11/include/_isfuncdcl.h
:FILE /home/zorg/ti/TI_CGT_C6000_7.2.11/include/_isfuncdef.h
:FILE /home/zorg/ti/TI_CGT_C6000_7.2.11/include/_lock.h
:FILE /home/zorg/ti/TI_CGT_C6000_7.2.11/include/access.h
:FILE /home/zorg/ti/TI_CGT_C6000_7.2.11/include/algorithm
:FILE /home/zorg/ti/TI_CGT_C6000_7.2.11/include/assert.h
:FILE /home/zorg/ti/TI_CGT_C6000_7.2.11/include/bitset
:FILE /home/zorg/ti/TI_CGT_C6000_7.2.11/include/c6x.h
:FILE /home/zorg/ti/TI_CGT_C6000_7.2.11/include/c60asm.i
:FILE /home/zorg/ti/TI_CGT_C6000_7.2.11/include/cargs.h
:FILE /home/zorg/ti/TI_CGT_C6000_7.2.11/include/cassert
:FILE /home/zorg/ti/TI_CGT_C6000_7.2.11/include/cctype
:FILE /home/zorg/ti/TI_CGT_C6000_7.2.11/include/cerrno
:FILE /home/zorg/ti/TI_CGT_C6000_7.2.11/include/cfloat
:FILE /home/zorg/ti/TI_CGT_C6000_7.2.11/include/ciso646
:FILE /home/zorg/ti/TI_CGT_C6000_7.2.11/include/climits
:FILE /home/zorg/ti/TI_CGT_C6000_7.2.11/include/clocale
:FILE /home/zorg/ti/TI_CGT_C6000_7.2.11/include/cmath
:FILE /home/zorg/ti/TI_CGT_C6000_7.2.11/include/complex
:FILE /home/zorg/ti/TI_CGT_C6000_7.2.11/include/cpp_inline_math.h
:FILE /home/zorg/ti/TI_CGT_C6000_7.2.11/include/cpy_tbl.h
:FILE /home/zorg/ti/TI_CGT_C6000_7.2.11/include/csetjmp
:FILE /home/zorg/ti/TI_CGT_C6000_7.2.11/include/csignal
:FILE /home/zorg/ti/TI_CGT_C6000_7.2.11/include/cstdarg
:FILE /home/zorg/ti/TI_CGT_C6000_7.2.11/include/cstddef
:FILE /home/zorg/ti/TI_CGT_C6000_7.2.11/include/cstdio
:FILE /home/zorg/ti/TI_CGT_C6000_7.2.11/include/cstdlib
:FILE /home/zorg/ti/TI_CGT_C6000_7.2.11/include/cstring
:FILE /home/zorg/ti/TI_CGT_C6000_7.2.11/include/ctime
:FILE /home/zorg/ti/TI_CGT_C6000_7.2.11/include/ctype.h
:FILE /home/zorg/ti/TI_CGT_C6000_7.2.11/include/cwchar
:FILE /home/zorg/ti/TI_CGT_C6000_7.2.11/include/cwctype
:FILE /home/zorg/ti/TI_CGT_C6000_7.2.11/include/deque
:FILE /home/zorg/ti/TI_CGT_C6000_7.2.11/include/elf_linkage.h
:FILE /home/zorg/ti/TI_CGT_C6000_7.2.11/include/elfnames.h
:FILE /home/zorg/ti/TI_CGT_C6000_7.2.11/include/errno.h
:FILE /home/zorg/ti/TI_CGT_C6000_7.2.11/include/exception
:FILE /home/zorg/ti/TI_CGT_C6000_7.2.11/include/file.h
:FILE /home/zorg/ti/TI_CGT_C6000_7.2.11/include/float.h
:FILE /home/zorg/ti/TI_CGT_C6000_7.2.11/include/fstream
:FILE /home/zorg/ti/TI_CGT_C6000_7.2.11/include/fstream.h
:FILE /home/zorg/ti/TI_CGT_C6000_7.2.11/include/functional
:FILE /home/zorg/ti/TI_CGT_C6000_7.2.11/include/gsm.h
:FILE /home/zorg/ti/TI_CGT_C6000_7.2.11/include/hash_map
:FILE /home/zorg/ti/TI_CGT_C6000_7.2.11/include/hash_set
:FILE /home/zorg/ti/TI_CGT_C6000_7.2.11/include/inttypes.h
:FILE /home/zorg/ti/TI_CGT_C6000_7.2.11/include/iomanip
:FILE /home/zorg/ti/TI_CGT_C6000_7.2.11/include/iomanip.h
:FILE /home/zorg/ti/TI_CGT_C6000_7.2.11/include/ios
:FILE /home/zorg/ti/TI_CGT_C6000_7.2.11/include/iosfwd
:FILE /home/zorg/ti/TI_CGT_C6000_7.2.11/include/iostream
:FILE /home/zorg/ti/TI_CGT_C6000_7.2.11/include/iostream.h
:FILE /home/zorg/ti/TI_CGT_C6000_7.2.11/include/iso646.h
:FILE /home/zorg/ti/TI_CGT_C6000_7.2.11/include/istream
:FILE /home/zorg/ti/TI_CGT_C6000_7.2.11/include/iterator
:FILE /home/zorg/ti/TI_CGT_C6000_7.2.11/include/limits
:FILE /home/zorg/ti/TI_CGT_C6000_7.2.11/include/limits.h
:FILE /home/zorg/ti/TI_CGT_C6000_7.2.11/include/linkage.h
:FILE /home/zorg/ti/TI_CGT_C6000_7.2.11/include/list
:FILE /home/zorg/ti/TI_CGT_C6000_7.2.11/include/locale
:FILE /home/zorg/ti/TI_CGT_C6000_7.2.11/include/locale.h
:FILE /home/zorg/ti/TI_CGT_C6000_7.2.11/include/map
:FILE /home/zorg/ti/TI_CGT_C6000_7.2.11/include/math.h
:FILE /home/zorg/ti/TI_CGT_C6000_7.2.11/include/mathf.h
:FILE /home/zorg/ti/TI_CGT_C6000_7.2.11/include/mathl.h
:FILE /home/zorg/ti/TI_CGT_C6000_7.2.11/include/memory
:FILE /home/zorg/ti/TI_CGT_C6000_7.2.11/include/new
:FILE /home/zorg/ti/TI_CGT_C6000_7.2.11/include/new.h
:FILE /home/zorg/ti/TI_CGT_C6000_7.2.11/include/numeric
:FILE /home/zorg/ti/TI_CGT_C6000_7.2.11/include/ostream
:FILE /home/zorg/ti/TI_CGT_C6000_7.2.11/include/pprof.h
:FILE /home/zorg/ti/TI_CGT_C6000_7.2.11/include/queue
:FILE /home/zorg/ti/TI_CGT_C6000_7.2.11/include/rope
:FILE /home/zorg/ti/TI_CGT_C6000_7.2.11/include/set
:FILE /home/zorg/ti/TI_CGT_C6000_7.2.11/include/setjmp.h
:FILE /home/zorg/ti/TI_CGT_C6000_7.2.11/include/signal.h
:FILE /home/zorg/ti/TI_CGT_C6000_7.2.11/include/slist
:FILE /home/zorg/ti/TI_CGT_C6000_7.2.11/include/sstream
:FILE /home/zorg/ti/TI_CGT_C6000_7.2.11/include/stack
:FILE /home/zorg/ti/TI_CGT_C6000_7.2.11/include/stdarg.h
:FILE /home/zorg/ti/TI_CGT_C6000_7.2.11/include/stdbool.h
:FILE /home/zorg/ti/TI_CGT_C6000_7.2.11/include/stddef.h
:FILE /home/zorg/ti/TI_CGT_C6000_7.2.11/include/stdexcept
:FILE /home/zorg/ti/TI_CGT_C6000_7.2.11/include/stdint.h
:FILE /home/zorg/ti/TI_CGT_C6000_7.2.11/include/stdio.h
:FILE /home/zorg/ti/TI_CGT_C6000_7.2.11/include/stdiostream.h
:FILE /home/zorg/ti/TI_CGT_C6000_7.2.11/include/stdlib.h
:FILE /home/zorg/ti/TI_CGT_C6000_7.2.11/include/stl.h
:FILE /home/zorg/ti/TI_CGT_C6000_7.2.11/include/streambuf
:FILE /home/zorg/ti/TI_CGT_C6000_7.2.11/include/string
:FILE /home/zorg/ti/TI_CGT_C6000_7.2.11/include/string.h
:FILE /home/zorg/ti/TI_CGT_C6000_7.2.11/include/strstream
:FILE /home/zorg/ti/TI_CGT_C6000_7.2.11/include/strstream.h
:FILE /home/zorg/ti/TI_CGT_C6000_7.2.11/include/time.h
:FILE /home/zorg/ti/TI_CGT_C6000_7.2.11/include/typeinfo
:FILE /home/zorg/ti/TI_CGT_C6000_7.2.11/include/unaccess.h
:FILE /home/zorg/ti/TI_CGT_C6000_7.2.11/include/utility
:FILE /home/zorg/ti/TI_CGT_C6000_7.2.11/include/valarray
:FILE /home/zorg/ti/TI_CGT_C6000_7.2.11/include/vect.h
:FILE /home/zorg/ti/TI_CGT_C6000_7.2.11/include/vector
:FILE /home/zorg/ti/TI_CGT_C6000_7.2.11/include/wchar.h
:FILE /home/zorg/ti/TI_CGT_C6000_7.2.11/include/wchar.hx
:FILE /home/zorg/ti/TI_CGT_C6000_7.2.11/include/wctype.h
:FILE /home/zorg/ti/TI_CGT_C6000_7.2.11/include/xcomplex
:FILE /home/zorg/ti/TI_CGT_C6000_7.2.11/include/xdebug
:FILE /home/zorg/ti/TI_CGT_C6000_7.2.11/include/xhash
:FILE /home/zorg/ti/TI_CGT_C6000_7.2.11/include/xiosbase
:FILE /home/zorg/ti/TI_CGT_C6000_7.2.11/include/xlocale
:FILE /home/zorg/ti/TI_CGT_C6000_7.2.11/include/xlocinfo
:FILE /home/zorg/ti/TI_CGT_C6000_7.2.11/include/xlocinfo.h
:FILE /home/zorg/ti/TI_CGT_C6000_7.2.11/include/xlocmes
:FILE /home/zorg/ti/TI_CGT_C6000_7.2.11/include/xlocmon
:FILE /home/zorg/ti/TI_CGT_C6000_7.2.11/include/xlocnum
:FILE /home/zorg/ti/TI_CGT_C6000_7.2.11/include/xloctime
:FILE /home/zorg/ti/TI_CGT_C6000_7.2.11/include/xmemory
:FILE /home/zorg/ti/TI_CGT_C6000_7.2.11/include/xstddef
:FILE /home/zorg/ti/TI_CGT_C6000_7.2.11/include/xstring
:FILE /home/zorg/ti/TI_CGT_C6000_7.2.11/include/xtree
:FILE /home/zorg/ti/TI_CGT_C6000_7.2.11/include/xutility
:FILE /home/zorg/ti/TI_CGT_C6000_7.2.11/include/xwcc.h
:FILE /home/zorg/ti/TI_CGT_C6000_7.2.11/include/ymath.h
:FILE /home/zorg/ti/TI_CGT_C6000_7.2.11/include/yvals.h
:DIR /home/zorg/ti/TI_CGT_C6000_7.2.11/lib
:FILE /home/zorg/ti/TI_CGT_C6000_7.2.11/lib/libc.a
:FILE /home/zorg/ti/TI_CGT_C6000_7.2.11/lib/rts64plus.lib
:FILE /home/zorg/ti/TI_CGT_C6000_7.2.11/lib/rts64plus_eh.lib
:FILE /home/zorg/ti/TI_CGT_C6000_7.2.11/lib/rts64plus_elf.lib
:FILE /home/zorg/ti/TI_CGT_C6000_7.2.11/lib/rts64plus_elf40.lib
:FILE /home/zorg/ti/TI_CGT_C6000_7.2.11/lib/rts64plus_elf40_eh.lib
:FILE /home/zorg/ti/TI_CGT_C6000_7.2.11/lib/rts64plus_elf_eh.lib
:FILE /home/zorg/ti/TI_CGT_C6000_7.2.11/lib/rts64pluse.lib
:FILE /home/zorg/ti/TI_CGT_C6000_7.2.11/lib/rts64pluse_eh.lib
:FILE /home/zorg/ti/TI_CGT_C6000_7.2.11/lib/rts64pluse_elf.lib
:FILE /home/zorg/ti/TI_CGT_C6000_7.2.11/lib/rts64pluse_elf40.lib
:FILE /home/zorg/ti/TI_CGT_C6000_7.2.11/lib/rts64pluse_elf40_eh.lib
:FILE /home/zorg/ti/TI_CGT_C6000_7.2.11/lib/rts64pluse_elf_eh.lib
:FILE /home/zorg/ti/TI_CGT_C6000_7.2.11/lib/rts67plus.lib
:FILE /home/zorg/ti/TI_CGT_C6000_7.2.11/lib/rts67plus_eh.lib
:FILE /home/zorg/ti/TI_CGT_C6000_7.2.11/lib/rts67plus_elf.lib
:FILE /home/zorg/ti/TI_CGT_C6000_7.2.11/lib/rts67plus_elf40.lib
:FILE /home/zorg/ti/TI_CGT_C6000_7.2.11/lib/rts67plus_elf40_eh.lib
:FILE /home/zorg/ti/TI_CGT_C6000_7.2.11/lib/rts67plus_elf_eh.lib
:FILE /home/zorg/ti/TI_CGT_C6000_7.2.11/lib/rts67pluse.lib
:FILE /home/zorg/ti/TI_CGT_C6000_7.2.11/lib/rts67pluse_eh.lib
:FILE /home/zorg/ti/TI_CGT_C6000_7.2.11/lib/rts67pluse_elf.lib
:FILE /home/zorg/ti/TI_CGT_C6000_7.2.11/lib/rts67pluse_elf40.lib
:FILE /home/zorg/ti/TI_CGT_C6000_7.2.11/lib/rts67pluse_elf40_eh.lib
:FILE /home/zorg/ti/TI_CGT_C6000_7.2.11/lib/rts67pluse_elf_eh.lib
:FILE /home/zorg/ti/TI_CGT_C6000_7.2.11/lib/rts6200.lib
:FILE /home/zorg/ti/TI_CGT_C6000_7.2.11/lib/rts6200_eh.lib
:FILE /home/zorg/ti/TI_CGT_C6000_7.2.11/lib/rts6200_elf.lib
:FILE /home/zorg/ti/TI_CGT_C6000_7.2.11/lib/rts6200_elf_eh.lib
:FILE /home/zorg/ti/TI_CGT_C6000_7.2.11/lib/rts6200e.lib
:FILE /home/zorg/ti/TI_CGT_C6000_7.2.11/lib/rts6200e_eh.lib
:FILE /home/zorg/ti/TI_CGT_C6000_7.2.11/lib/rts6200e_elf.lib
:FILE /home/zorg/ti/TI_CGT_C6000_7.2.11/lib/rts6200e_elf_eh.lib
:FILE /home/zorg/ti/TI_CGT_C6000_7.2.11/lib/rts6400.lib
:FILE /home/zorg/ti/TI_CGT_C6000_7.2.11/lib/rts6400_eh.lib
:FILE /home/zorg/ti/TI_CGT_C6000_7.2.11/lib/rts6400_elf.lib
:FILE /home/zorg/ti/TI_CGT_C6000_7.2.11/lib/rts6400_elf_eh.lib
:FILE /home/zorg/ti/TI_CGT_C6000_7.2.11/lib/rts6400e.lib
:FILE /home/zorg/ti/TI_CGT_C6000_7.2.11/lib/rts6400e_eh.lib
:FILE /home/zorg/ti/TI_CGT_C6000_7.2.11/lib/rts6400e_elf.lib
:FILE /home/zorg/ti/TI_CGT_C6000_7.2.11/lib/rts6400e_elf_eh.lib
:FILE /home/zorg/ti/TI_CGT_C6000_7.2.11/lib/rts6600_coff.lib
:FILE /home/zorg/ti/TI_CGT_C6000_7.2.11/lib/rts6600_coff_eh.lib
:FILE /home/zorg/ti/TI_CGT_C6000_7.2.11/lib/rts6600_elf.lib
:FILE /home/zorg/ti/TI_CGT_C6000_7.2.11/lib/rts6600_elf40.lib
:FILE /home/zorg/ti/TI_CGT_C6000_7.2.11/lib/rts6600_elf40_eh.lib
:FILE /home/zorg/ti/TI_CGT_C6000_7.2.11/lib/rts6600_elf_eh.lib
:FILE /home/zorg/ti/TI_CGT_C6000_7.2.11/lib/rts6600e_coff.lib
:FILE /home/zorg/ti/TI_CGT_C6000_7.2.11/lib/rts6600e_coff_eh.lib
:FILE /home/zorg/ti/TI_CGT_C6000_7.2.11/lib/rts6600e_elf.lib
:FILE /home/zorg/ti/TI_CGT_C6000_7.2.11/lib/rts6600e_elf40.lib
:FILE /home/zorg/ti/TI_CGT_C6000_7.2.11/lib/rts6600e_elf40_eh.lib
:FILE /home/zorg/ti/TI_CGT_C6000_7.2.11/lib/rts6600e_elf_eh.lib
:FILE /home/zorg/ti/TI_CGT_C6000_7.2.11/lib/rts6700.lib
:FILE /home/zorg/ti/TI_CGT_C6000_7.2.11/lib/rts6700_eh.lib
:FILE /home/zorg/ti/TI_CGT_C6000_7.2.11/lib/rts6700_elf.lib
:FILE /home/zorg/ti/TI_CGT_C6000_7.2.11/lib/rts6700_elf_eh.lib
:FILE /home/zorg/ti/TI_CGT_C6000_7.2.11/lib/rts6700e.lib
:FILE /home/zorg/ti/TI_CGT_C6000_7.2.11/lib/rts6700e_eh.lib
:FILE /home/zorg/ti/TI_CGT_C6000_7.2.11/lib/rts6700e_elf.lib
:FILE /home/zorg/ti/TI_CGT_C6000_7.2.11/lib/rts6700e_elf_eh.lib
:FILE /home/zorg/ti/TI_CGT_C6000_7.2.11/lib/rts6740.lib
:FILE /home/zorg/ti/TI_CGT_C6000_7.2.11/lib/rts6740_eh.lib
:FILE /home/zorg/ti/TI_CGT_C6000_7.2.11/lib/rts6740_elf.lib
:FILE /home/zorg/ti/TI_CGT_C6000_7.2.11/lib/rts6740_elf40.lib
:FILE /home/zorg/ti/TI_CGT_C6000_7.2.11/lib/rts6740_elf40_eh.lib
:FILE /home/zorg/ti/TI_CGT_C6000_7.2.11/lib/rts6740_elf_eh.lib
:FILE /home/zorg/ti/TI_CGT_C6000_7.2.11/lib/rts6740e.lib
:FILE /home/zorg/ti/TI_CGT_C6000_7.2.11/lib/rts6740e_eh.lib
:FILE /home/zorg/ti/TI_CGT_C6000_7.2.11/lib/rts6740e_elf.lib
:FILE /home/zorg/ti/TI_CGT_C6000_7.2.11/lib/rts6740e_elf40.lib
:FILE /home/zorg/ti/TI_CGT_C6000_7.2.11/lib/rts6740e_elf40_eh.lib
:FILE /home/zorg/ti/TI_CGT_C6000_7.2.11/lib/rts6740e_elf_eh.lib
:FILE /home/zorg/ti/TI_CGT_C6000_7.2.11/lib/rtssrc.zip
:FILE /home/zorg/ti/TI_CGT_C6000_7.2.11/lib/rtstesla_be_coff.lib
:FILE /home/zorg/ti/TI_CGT_C6000_7.2.11/lib/rtstesla_be_coff_eh.lib
:FILE /home/zorg/ti/TI_CGT_C6000_7.2.11/lib/rtstesla_be_elf.lib
:FILE /home/zorg/ti/TI_CGT_C6000_7.2.11/lib/rtstesla_be_elf_eh.lib
:FILE /home/zorg/ti/TI_CGT_C6000_7.2.11/lib/rtstesla_le_coff.lib
:FILE /home/zorg/ti/TI_CGT_C6000_7.2.11/lib/rtstesla_le_coff_eh.lib
:FILE /home/zorg/ti/TI_CGT_C6000_7.2.11/lib/rtstesla_le_elf.lib
:FILE /home/zorg/ti/TI_CGT_C6000_7.2.11/lib/rtstesla_le_elf_eh.lib
:DIR /home/zorg/ti/TI_CGT_C6000_7.2.11/man
:DIR /home/zorg/ti/TI_CGT_C6000_7.2.11/man/man1
:FILE /home/zorg/ti/TI_CGT_C6000_7.2.11/man/man1/abs6x.1
:FILE /home/zorg/ti/TI_CGT_C6000_7.2.11/man/man1/acp6x.1
:FILE /home/zorg/ti/TI_CGT_C6000_7.2.11/man/man1/acpia6x.1
:FILE /home/zorg/ti/TI_CGT_C6000_7.2.11/man/man1/ap6x.1
:FILE /home/zorg/ti/TI_CGT_C6000_7.2.11/man/man1/ap6x3.1
:FILE /home/zorg/ti/TI_CGT_C6000_7.2.11/man/man1/asm6x.1
:FILE /home/zorg/ti/TI_CGT_C6000_7.2.11/man/man1/cg6x.1
:FILE /home/zorg/ti/TI_CGT_C6000_7.2.11/man/man1/cg6x3.1
:FILE /home/zorg/ti/TI_CGT_C6000_7.2.11/man/man1/ci6x.1
:FILE /home/zorg/ti/TI_CGT_C6000_7.2.11/man/man1/cl6x.1
:FILE /home/zorg/ti/TI_CGT_C6000_7.2.11/man/man1/clt6x.1
:FILE /home/zorg/ti/TI_CGT_C6000_7.2.11/man/man1/dis6x.1
:FILE /home/zorg/ti/TI_CGT_C6000_7.2.11/man/man1/embed6x.1
:FILE /home/zorg/ti/TI_CGT_C6000_7.2.11/man/man1/hex6x.1
:FILE /home/zorg/ti/TI_CGT_C6000_7.2.11/man/man1/ilk6x.1
:FILE /home/zorg/ti/TI_CGT_C6000_7.2.11/man/man1/libinfo6x.1
:FILE /home/zorg/ti/TI_CGT_C6000_7.2.11/man/man1/lnk6x.1
:FILE /home/zorg/ti/TI_CGT_C6000_7.2.11/man/man1/nm6x.1
:FILE /home/zorg/ti/TI_CGT_C6000_7.2.11/man/man1/ofd6x.1
:FILE /home/zorg/ti/TI_CGT_C6000_7.2.11/man/man1/opt6x.1
:FILE /home/zorg/ti/TI_CGT_C6000_7.2.11/man/man1/pdd6x.1
:FILE /home/zorg/ti/TI_CGT_C6000_7.2.11/man/man1/pprof6x.1
:FILE /home/zorg/ti/TI_CGT_C6000_7.2.11/man/man1/prelink6x.1
:FILE /home/zorg/ti/TI_CGT_C6000_7.2.11/man/man1/strip6x.1
:FILE /home/zorg/ti/TI_CGT_C6000_7.2.11/man/man1/xref6x.1
:DIR /home/zorg/ti/TI_CGT_C6000_7.2.11/doc
:FILE /home/zorg/ti/TI_CGT_C6000_7.2.11/doc/README.txt
:FILE /home/zorg/ti/TI_CGT_C6000_7.2.11/doc/SPRAB90.pdf
:FILE /home/zorg/ti/TI_CGT_C6000_7.2.11/doc/SPRU186U.pdf
:FILE /home/zorg/ti/TI_CGT_C6000_7.2.11/doc/spru187S.pdf
:FILE /home/zorg/ti/TI_CGT_C6000_7.2.11/install.log
